18:24:07 [[32minfo[39m]: 🔌 Connecting to MongoDB...
db connected
18:24:08 [[32minfo[39m]: ✅ Database connected successfully
18:24:08 [[32minfo[39m]: 🎯 KlevaPay Backend API v1.0.0 started successfully
18:24:08 [[32minfo[39m]: 🚀 KlevaPay server listening on http://localhost:4000
18:24:08 [[32minfo[39m]: 📊 Environment: development
18:24:08 [[32minfo[39m]: 📝 API Documentation available at http://localhost:4000/api/docs
18:24:08 [[32minfo[39m]: ✅ Email service initialized successfully
18:24:26 [[32minfo[39m]: ::1 - - [13/Oct/2025:17:24:26 +0000] "GET /api/health HTTP/1.1" 200 122 "-" "curl/8.7.1"
18:39:46 [[32minfo[39m]: ::1 - - [13/Oct/2025:17:39:46 +0000] "GET /api/docs/ HTTP/1.1" 304 - "-" "Mozilla/5.0 (Macintosh; Intel Mac OS X 10_15_7) AppleWebKit/537.36 (KHTML, like Gecko) Chrome/141.0.0.0 Safari/537.36"
18:39:46 [[32minfo[39m]: ::1 - - [13/Oct/2025:17:39:46 +0000] "GET /api/docs/swagger-ui.css HTTP/1.1" 304 - "-" "Mozilla/5.0 (Macintosh; Intel Mac OS X 10_15_7) AppleWebKit/537.36 (KHTML, like Gecko) Chrome/141.0.0.0 Safari/537.36"
18:39:46 [[32minfo[39m]: ::1 - - [13/Oct/2025:17:39:46 +0000] "GET /api/docs/swagger-ui-bundle.js HTTP/1.1" 304 - "-" "Mozilla/5.0 (Macintosh; Intel Mac OS X 10_15_7) AppleWebKit/537.36 (KHTML, like Gecko) Chrome/141.0.0.0 Safari/537.36"
18:39:46 [[32minfo[39m]: ::1 - - [13/Oct/2025:17:39:46 +0000] "GET /api/docs/swagger-ui-init.js HTTP/1.1" 200 22096 "-" "Mozilla/5.0 (Macintosh; Intel Mac OS X 10_15_7) AppleWebKit/537.36 (KHTML, like Gecko) Chrome/141.0.0.0 Safari/537.36"
18:39:46 [[32minfo[39m]: ::1 - - [13/Oct/2025:17:39:46 +0000] "GET /api/docs/swagger-ui-standalone-preset.js HTTP/1.1" 304 - "-" "Mozilla/5.0 (Macintosh; Intel Mac OS X 10_15_7) AppleWebKit/537.36 (KHTML, like Gecko) Chrome/141.0.0.0 Safari/537.36"
18:45:05 [[31merror[39m]: ApiError: Validation failed
    at ApiError.validation (/Users/macbook/W3_finalProject/backend-klevapay/lib/ApiError.js:77:12)
    at validationErrorHandler (/Users/macbook/W3_finalProject/backend-klevapay/middlewares/errorHandler.js:121:28)
    at Layer.handle [as handle_request] (/Users/macbook/W3_finalProject/backend-klevapay/node_modules/express/lib/router/layer.js:95:5)
    at next (/Users/macbook/W3_finalProject/backend-klevapay/node_modules/express/lib/router/route.js:149:13)
    at middleware (/Users/macbook/W3_finalProject/backend-klevapay/node_modules/express-validator/lib/middlewares/check.js:16:13)
    at process.processTicksAndRejections (node:internal/process/task_queues:105:5)
18:45:05 [[32minfo[39m]: ::1 - - [13/Oct/2025:17:45:05 +0000] "POST /api/auth/register HTTP/1.1" 422 968 "-" "PostmanRuntime/7.48.0"
18:46:08 [[31merror[39m]: ApiError: Validation failed
    at ApiError.validation (/Users/macbook/W3_finalProject/backend-klevapay/lib/ApiError.js:77:12)
    at validationErrorHandler (/Users/macbook/W3_finalProject/backend-klevapay/middlewares/errorHandler.js:121:28)
    at Layer.handle [as handle_request] (/Users/macbook/W3_finalProject/backend-klevapay/node_modules/express/lib/router/layer.js:95:5)
    at next (/Users/macbook/W3_finalProject/backend-klevapay/node_modules/express/lib/router/route.js:149:13)
    at middleware (/Users/macbook/W3_finalProject/backend-klevapay/node_modules/express-validator/lib/middlewares/check.js:16:13)
    at process.processTicksAndRejections (node:internal/process/task_queues:105:5)
18:46:08 [[32minfo[39m]: ::1 - - [13/Oct/2025:17:46:08 +0000] "POST /api/auth/register HTTP/1.1" 422 968 "-" "PostmanRuntime/7.48.0"
18:46:55 [[31merror[39m]: ApiError: Validation failed
    at ApiError.validation (/Users/macbook/W3_finalProject/backend-klevapay/lib/ApiError.js:77:12)
    at validationErrorHandler (/Users/macbook/W3_finalProject/backend-klevapay/middlewares/errorHandler.js:121:28)
    at Layer.handle [as handle_request] (/Users/macbook/W3_finalProject/backend-klevapay/node_modules/express/lib/router/layer.js:95:5)
    at next (/Users/macbook/W3_finalProject/backend-klevapay/node_modules/express/lib/router/route.js:149:13)
    at middleware (/Users/macbook/W3_finalProject/backend-klevapay/node_modules/express-validator/lib/middlewares/check.js:16:13)
    at process.processTicksAndRejections (node:internal/process/task_queues:105:5)
18:46:55 [[32minfo[39m]: ::1 - - [13/Oct/2025:17:46:55 +0000] "POST /api/auth/register HTTP/1.1" 422 973 "-" "PostmanRuntime/7.48.0"
18:47:09 [[32minfo[39m]: Merchant registration attempt
18:47:14 [[32minfo[39m]: OTP email sent successfully
18:47:14 [[32minfo[39m]: Merchant registered successfully
18:47:14 [[32minfo[39m]: ::1 - - [13/Oct/2025:17:47:14 +0000] "POST /api/auth/register HTTP/1.1" 201 349 "-" "PostmanRuntime/7.48.0"
18:49:15 [[32minfo[39m]: Email verification attempt
18:49:18 [[32minfo[39m]: Welcome email sent successfully
18:49:18 [[32minfo[39m]: Token pair generated
18:49:18 [[32minfo[39m]: Email verified successfully
18:49:18 [[32minfo[39m]: ::1 - - [13/Oct/2025:17:49:18 +0000] "POST /api/auth/verify-email HTTP/1.1" 200 1096 "-" "PostmanRuntime/7.48.0"
18:51:50 [[31merror[39m]: ApiError: Validation failed
    at ApiError.validation (/Users/macbook/W3_finalProject/backend-klevapay/lib/ApiError.js:77:12)
    at validationErrorHandler (/Users/macbook/W3_finalProject/backend-klevapay/middlewares/errorHandler.js:121:28)
    at Layer.handle [as handle_request] (/Users/macbook/W3_finalProject/backend-klevapay/node_modules/express/lib/router/layer.js:95:5)
    at next (/Users/macbook/W3_finalProject/backend-klevapay/node_modules/express/lib/router/route.js:149:13)
    at middleware (/Users/macbook/W3_finalProject/backend-klevapay/node_modules/express-validator/lib/middlewares/check.js:16:13)
    at process.processTicksAndRejections (node:internal/process/task_queues:105:5)
18:51:50 [[32minfo[39m]: ::1 - - [13/Oct/2025:17:51:50 +0000] "POST /api/auth/login?email=onenvictor@gmail.com&password=Mercelina1234@ HTTP/1.1" 422 907 "-" "PostmanRuntime/7.48.0"
18:53:12 [[32minfo[39m]: Login attempt
18:53:12 [[32minfo[39m]: Token pair generated
18:53:12 [[32minfo[39m]: Login successful
18:53:12 [[32minfo[39m]: ::1 - - [13/Oct/2025:17:53:12 +0000] "POST /api/auth/login?email=onenvictor@gmail.com&password=Mercelina1234@ HTTP/1.1" 200 1063 "-" "PostmanRuntime/7.48.0"
19:24:22 [[32minfo[39m]: Merchant registration attempt
19:24:22 [[31merror[39m]: ApiError: Email address is already registered
    at ApiError.conflict (/Users/macbook/W3_finalProject/backend-klevapay/lib/ApiError.js:67:12)
    at /Users/macbook/W3_finalProject/backend-klevapay/controllers/authController.js:26:20
    at process.processTicksAndRejections (node:internal/process/task_queues:105:5)
19:24:22 [[32minfo[39m]: ::1 - - [13/Oct/2025:18:24:22 +0000] "POST /api/auth/register HTTP/1.1" 409 455 "-" "PostmanRuntime/7.48.0"
19:25:20 [[32minfo[39m]: Merchant registration attempt
19:25:25 [[32minfo[39m]: OTP email sent successfully
19:25:25 [[32minfo[39m]: Merchant registered successfully
19:25:25 [[32minfo[39m]: ::1 - - [13/Oct/2025:18:25:25 +0000] "POST /api/auth/register HTTP/1.1" 201 344 "-" "PostmanRuntime/7.48.0"
